<?xml version="1.0" encoding="UTF-8"?>
<!-- Generated by org.testng.reporters.JUnitReportReporter -->
<testsuite hostname="LAPTOP-OTK6023K" failures="0" tests="1" name="uiTesting.AddEmployeeTests" time="19.802" errors="0" timestamp="4 Nov 2021 10:43:40 GMT">
  <testcase classname="uiTesting.AddEmployeeTests" name="testAddEmployee" time="19.802"/>
</testsuite> <!-- uiTesting.AddEmployeeTests -->
