<?xml version="1.0" encoding="UTF-8"?>
<!-- Generated by org.testng.reporters.JUnitReportReporter -->
<testsuite hostname="LAPTOP-OTK6023K" failures="0" tests="2" name="uiTesting.LoginPageTest" time="22.356" errors="0" timestamp="4 Nov 2021 09:40:54 GMT">
  <testcase classname="uiTesting.LoginPageTest" name="validateLoginToDashboard" time="10.689"/>
  <testcase classname="uiTesting.LoginPageTest" name="validateErrorOnBadCredentials" time="11.667"/>
</testsuite> <!-- uiTesting.LoginPageTest -->
