<?xml version="1.0" encoding="UTF-8"?>
<!-- Generated by org.testng.reporters.JUnitReportReporter -->
<testsuite hostname="LAPTOP-OTK6023K" failures="0" tests="2" name="uiTesting.LoginPageTests" time="20.243" errors="0" timestamp="4 Nov 2021 09:42:17 GMT">
  <testcase classname="uiTesting.LoginPageTests" name="validateLoginToDashboard" time="9.966"/>
  <testcase classname="uiTesting.LoginPageTests" name="validateErrorOnBadCredentials" time="10.277"/>
</testsuite> <!-- uiTesting.LoginPageTests -->
