<?xml version="1.0" encoding="UTF-8"?>
<!-- Generated by org.testng.reporters.JUnitReportReporter -->
<testsuite hostname="LAPTOP-OTK6023K" failures="0" tests="1" name="uiTesting.LoginToDashboardTest" time="1.227" errors="0" timestamp="4 Nov 2021 09:12:25 GMT">
  <testcase classname="uiTesting.LoginToDashboardTest" name="validateLoginToDashboard" time="1.227"/>
</testsuite> <!-- uiTesting.LoginToDashboardTest -->
