<?xml version="1.0" encoding="UTF-8"?>
<!-- Generated by org.testng.reporters.JUnitReportReporter -->
<testsuite hostname="LAPTOP-OTK6023K" failures="0" tests="1" name="apiTesting.GetEmployeeListTest" time="7.139" errors="0" timestamp="4 Nov 2021 10:54:00 GMT">
  <testcase classname="apiTesting.GetEmployeeListTest" name="getEmployeeList" time="7.139"/>
</testsuite> <!-- apiTesting.GetEmployeeListTest -->
