<?xml version="1.0" encoding="UTF-8"?>
<!-- Generated by org.testng.reporters.JUnitReportReporter -->
<testsuite hostname="LAPTOP-OTK6023K" failures="0" tests="1" name="apiTesting.AddEmployeeTest" time="3.235" errors="0" timestamp="4 Nov 2021 11:26:10 GMT">
  <testcase classname="apiTesting.AddEmployeeTest" name="addEmployee" time="3.235"/>
</testsuite> <!-- apiTesting.AddEmployeeTest -->
